# JRE version: Java(TM) SE Runtime Environment (8.0_60-b27) (build 1.8.0_60-b27)
# Java VM: Java HotSpot(TM) 64-Bit Server VM (25.60-b23 mixed mode windows-amd64 compressed oops)
Heap:
 PSYoungGen      total 38400K, used 4882K [0x00000000d5900000, 0x00000000d8380000, 0x0000000100000000)
  eden space 33280K, 14% used [0x00000000d5900000,0x00000000d5dc4868,0x00000000d7980000)
  from space 5120K, 0% used [0x00000000d7980000,0x00000000d7980000,0x00000000d7e80000)
  to   space 5120K, 0% used [0x00000000d7e80000,0x00000000d7e80000,0x00000000d8380000)
 ParOldGen       total 73216K, used 7037K [0x0000000080a00000, 0x0000000085180000, 0x00000000d5900000)
  object space 73216K, 9% used [0x0000000080a00000,0x00000000810df7d0,0x0000000085180000)
 Metaspace       used 20562K, capacity 20836K, committed 21248K, reserved 1075200K
  class space    used 2621K, capacity 2706K, committed 2816K, reserved 1048576K
GC Heap History (4 events):
Event: 2.202 GC heap before
{Heap before GC invocations=1 (full 0):
 PSYoungGen      total 38400K, used 25556K [0x00000000d5900000, 0x00000000d8380000, 0x0000000100000000)
  eden space 33280K, 76% used [0x00000000d5900000,0x00000000d71f53a0,0x00000000d7980000)
  from space 5120K, 0% used [0x00000000d7e80000,0x00000000d7e80000,0x00000000d8380000)
  to   space 5120K, 0% used [0x00000000d7980000,0x00000000d7980000,0x00000000d7e80000)
 ParOldGen       total 87552K, used 0K [0x0000000080a00000, 0x0000000085f80000, 0x00000000d5900000)
  object space 87552K, 0% used [0x0000000080a00000,0x0000000080a00000,0x0000000085f80000)
 Metaspace       used 18768K, capacity 18954K, committed 19200K, reserved 1077248K
  class space    used 2339K, capacity 2447K, committed 2560K, reserved 1048576K
Event: 2.208 GC heap after
Heap after GC invocations=1 (full 0):
 PSYoungGen      total 38400K, used 5116K [0x00000000d5900000, 0x00000000d8380000, 0x0000000100000000)
  eden space 33280K, 0% used [0x00000000d5900000,0x00000000d5900000,0x00000000d7980000)
  from space 5120K, 99% used [0x00000000d7980000,0x00000000d7e7f240,0x00000000d7e80000)
  to   space 5120K, 0% used [0x00000000d7e80000,0x00000000d7e80000,0x00000000d8380000)
 ParOldGen       total 87552K, used 6320K [0x0000000080a00000, 0x0000000085f80000, 0x00000000d5900000)
  object space 87552K, 7% used [0x0000000080a00000,0x000000008102c230,0x0000000085f80000)
 Metaspace       used 18768K, capacity 18954K, committed 19200K, reserved 1077248K
  class space    used 2339K, capacity 2447K, committed 2560K, reserved 1048576K
}
Event: 2.208 GC heap before
{Heap before GC invocations=2 (full 1):
 PSYoungGen      total 38400K, used 5116K [0x00000000d5900000, 0x00000000d8380000, 0x0000000100000000)
  eden space 33280K, 0% used [0x00000000d5900000,0x00000000d5900000,0x00000000d7980000)
  from space 5120K, 99% used [0x00000000d7980000,0x00000000d7e7f240,0x00000000d7e80000)
  to   space 5120K, 0% used [0x00000000d7e80000,0x00000000d7e80000,0x00000000d8380000)
 ParOldGen       total 87552K, used 6320K [0x0000000080a00000, 0x0000000085f80000, 0x00000000d5900000)
  object space 87552K, 7% used [0x0000000080a00000,0x000000008102c230,0x0000000085f80000)
 Metaspace       used 18768K, capacity 18954K, committed 19200K, reserved 1077248K
  class space    used 2339K, capacity 2447K, committed 2560K, reserved 1048576K
Event: 2.230 GC heap after
Heap after GC invocations=2 (full 1):
 PSYoungGen      total 38400K, used 0K [0x00000000d5900000, 0x00000000d8380000, 0x0000000100000000)
  eden space 33280K, 0% used [0x00000000d5900000,0x00000000d5900000,0x00000000d7980000)
  from space 5120K, 0% used [0x00000000d7980000,0x00000000d7980000,0x00000000d7e80000)
  to   space 5120K, 0% used [0x00000000d7e80000,0x00000000d7e80000,0x00000000d8380000)
 ParOldGen       total 73216K, used 7037K [0x0000000080a00000, 0x0000000085180000, 0x00000000d5900000)
  object space 73216K, 9% used [0x0000000080a00000,0x00000000810df7d0,0x0000000085180000)
 Metaspace       used 18768K, capacity 18954K, committed 19200K, reserved 1075200K
  class space    used 2339K, capacity 2447K, committed 2560K, reserved 1048576K
}

