# JRE version: Java(TM) SE Runtime Environment (8.0_60-b27) (build 1.8.0_60-b27)
# Java VM: Java HotSpot(TM) 64-Bit Server VM (25.60-b23 mixed mode windows-amd64 compressed oops)
Heap:
 PSYoungGen      total 38400K, used 18179K [0x00000000d5900000, 0x00000000d8380000, 0x0000000100000000)
  eden space 33280K, 54% used [0x00000000d5900000,0x00000000d6ac0f68,0x00000000d7980000)
  from space 5120K, 0% used [0x00000000d7980000,0x00000000d7980000,0x00000000d7e80000)
  to   space 5120K, 0% used [0x00000000d7e80000,0x00000000d7e80000,0x00000000d8380000)
 ParOldGen       total 41984K, used 6681K [0x0000000080a00000, 0x0000000083300000, 0x00000000d5900000)
  object space 41984K, 15% used [0x0000000080a00000,0x0000000081086458,0x0000000083300000)
 Metaspace       used 22418K, capacity 22662K, committed 22912K, reserved 1075200K
  class space    used 2818K, capacity 2911K, committed 2944K, reserved 1048576K
GC Heap History (4 events):
Event: 2.878 GC heap before
{Heap before GC invocations=1 (full 0):
 PSYoungGen      total 38400K, used 24893K [0x00000000d5900000, 0x00000000d8380000, 0x0000000100000000)
  eden space 33280K, 74% used [0x00000000d5900000,0x00000000d714f5a8,0x00000000d7980000)
  from space 5120K, 0% used [0x00000000d7e80000,0x00000000d7e80000,0x00000000d8380000)
  to   space 5120K, 0% used [0x00000000d7980000,0x00000000d7980000,0x00000000d7e80000)
 ParOldGen       total 87552K, used 0K [0x0000000080a00000, 0x0000000085f80000, 0x00000000d5900000)
  object space 87552K, 0% used [0x0000000080a00000,0x0000000080a00000,0x0000000085f80000)
 Metaspace       used 18215K, capacity 18386K, committed 18560K, reserved 1075200K
  class space    used 2255K, capacity 2347K, committed 2432K, reserved 1048576K
Event: 2.883 GC heap after
Heap after GC invocations=1 (full 0):
 PSYoungGen      total 38400K, used 5092K [0x00000000d5900000, 0x00000000d8380000, 0x0000000100000000)
  eden space 33280K, 0% used [0x00000000d5900000,0x00000000d5900000,0x00000000d7980000)
  from space 5120K, 99% used [0x00000000d7980000,0x00000000d7e793d8,0x00000000d7e80000)
  to   space 5120K, 0% used [0x00000000d7e80000,0x00000000d7e80000,0x00000000d8380000)
 ParOldGen       total 87552K, used 1775K [0x0000000080a00000, 0x0000000085f80000, 0x00000000d5900000)
  object space 87552K, 2% used [0x0000000080a00000,0x0000000080bbbc30,0x0000000085f80000)
 Metaspace       used 18215K, capacity 18386K, committed 18560K, reserved 1075200K
  class space    used 2255K, capacity 2347K, committed 2432K, reserved 1048576K
}
Event: 2.883 GC heap before
{Heap before GC invocations=2 (full 1):
 PSYoungGen      total 38400K, used 5092K [0x00000000d5900000, 0x00000000d8380000, 0x0000000100000000)
  eden space 33280K, 0% used [0x00000000d5900000,0x00000000d5900000,0x00000000d7980000)
  from space 5120K, 99% used [0x00000000d7980000,0x00000000d7e793d8,0x00000000d7e80000)
  to   space 5120K, 0% used [0x00000000d7e80000,0x00000000d7e80000,0x00000000d8380000)
 ParOldGen       total 87552K, used 1775K [0x0000000080a00000, 0x0000000085f80000, 0x00000000d5900000)
  object space 87552K, 2% used [0x0000000080a00000,0x0000000080bbbc30,0x0000000085f80000)
 Metaspace       used 18215K, capacity 18386K, committed 18560K, reserved 1075200K
  class space    used 2255K, capacity 2347K, committed 2432K, reserved 1048576K
Event: 2.900 GC heap after
Heap after GC invocations=2 (full 1):
 PSYoungGen      total 38400K, used 0K [0x00000000d5900000, 0x00000000d8380000, 0x0000000100000000)
  eden space 33280K, 0% used [0x00000000d5900000,0x00000000d5900000,0x00000000d7980000)
  from space 5120K, 0% used [0x00000000d7980000,0x00000000d7980000,0x00000000d7e80000)
  to   space 5120K, 0% used [0x00000000d7e80000,0x00000000d7e80000,0x00000000d8380000)
 ParOldGen       total 41984K, used 6681K [0x0000000080a00000, 0x0000000083300000, 0x00000000d5900000)
  object space 41984K, 15% used [0x0000000080a00000,0x0000000081086458,0x0000000083300000)
 Metaspace       used 18215K, capacity 18386K, committed 18560K, reserved 1073152K
  class space    used 2255K, capacity 2347K, committed 2432K, reserved 1048576K
}

